<?xml version="1.0" encoding="UTF-8"?>
<testsuite xmlns:xsi="http://www.w3.org/2001/XMLSchema-instance" xsi:noNamespaceSchemaLocation="https://maven.apache.org/surefire/maven-failsafe-plugin/xsd/failsafe-test-report.xsd" version="3.0.2" name="com.firstclub.membership.integration.SubscriptionLifecycleIT" time="0.103" tests="5" errors="0" skipped="0" failures="0" flakes="0">
  <properties>
[...]
</properties>
  <testcase name="downgradeTier_shouldChangeTier" classname="com.firstclub.membership.integration.SubscriptionLifecycleIT" time="0.022">
    <system-out><![CDATA[2026-06-11T19:35:44.468+05:30  INFO 16195 --- [           main] t.c.s.AnnotationConfigContextLoaderUtils : Could not detect default configuration classes for test class [com.firstclub.membership.integration.SubscriptionLifecycleIT]: SubscriptionLifecycleIT does not declare any static, non-private, non-final, nested classes annotated with @Configuration.
2026-06-11T19:35:44.469+05:30  INFO 16195 --- [           main] .b.t.c.SpringBootTestContextBootstrapper : Found @SpringBootConfiguration com.firstclub.membership.MembershipApplication for test class com.firstclub.membership.integration.SubscriptionLifecycleIT
2026-06-11T19:35:44.469+05:30  INFO 16195 --- [           main] t.c.s.AnnotationConfigContextLoaderUtils : Could not detect default configuration classes for test class [com.firstclub.membership.integration.SubscriptionLifecycleIT]: SubscriptionLifecycleIT does not declare any static, non-private, non-final, nested classes annotated with @Configuration.
2026-06-11T19:35:44.469+05:30  INFO 16195 --- [           main] t.c.s.AnnotationConfigContextLoaderUtils : Could not detect default configuration classes for test class [com.firstclub.membership.integration.BaseIntegrationTest]: BaseIntegrationTest does not declare any static, non-private, non-final, nested classes annotated with @Configuration.
2026-06-11T19:35:44.469+05:30  INFO 16195 --- [           main] .b.t.c.SpringBootTestContextBootstrapper : Found @SpringBootConfiguration com.firstclub.membership.MembershipApplication for test class com.firstclub.membership.integration.SubscriptionLifecycleIT
Hibernate: select mp1_0.id,mp1_0.active,mp1_0.created_at,mp1_0.duration_days,mp1_0.name,mp1_0.price,mp1_0.updated_at from membership_plan mp1_0 where mp1_0.id=?
Hibernate: select mt1_0.id,mt1_0.active,mt1_0.created_at,mt1_0.description,mt1_0.name,mt1_0.priority,mt1_0.updated_at from membership_tier mt1_0 where mt1_0.id=?
Hibernate: select s1_0.id,s1_0.auto_renew,s1_0.cancelled_at,s1_0.created_at,s1_0.expiry_date,s1_0.plan_id,s1_0.start_date,s1_0.status,s1_0.tier_id,s1_0.updated_at,s1_0.user_id from subscription s1_0 where s1_0.user_id=? and s1_0.status=? order by s1_0.created_at desc limit ?
Hibernate: insert into subscription (auto_renew,cancelled_at,created_at,expiry_date,plan_id,start_date,status,tier_id,updated_at,user_id) values (?,?,?,?,?,?,?,?,?,?)
Hibernate: select s1_0.id,s1_0.auto_renew,s1_0.cancelled_at,s1_0.created_at,s1_0.expiry_date,s1_0.plan_id,s1_0.start_date,s1_0.status,s1_0.tier_id,s1_0.updated_at,s1_0.user_id from subscription s1_0 where s1_0.user_id=? and s1_0.status=? order by s1_0.created_at desc limit ?
Hibernate: select tbm1_0.id,tbm1_0.benefit_id,tbm1_0.created_at,tbm1_0.tier_id,tbm1_0.updated_at from tier_benefit_mapping tbm1_0 where tbm1_0.tier_id=?
Hibernate: select mb1_0.id,mb1_0.active,mb1_0.created_at,mb1_0.description,mb1_0.name,mb1_0.type,mb1_0.updated_at from membership_benefit mb1_0 where mb1_0.id=?
Hibernate: select c1_0.benefit_id,c1_0.id,c1_0.config_key,c1_0.config_value,c1_0.created_at,c1_0.updated_at from benefit_config c1_0 where c1_0.benefit_id=?
Hibernate: select mb1_0.id,mb1_0.active,mb1_0.created_at,mb1_0.description,mb1_0.name,mb1_0.type,mb1_0.updated_at from membership_benefit mb1_0 where mb1_0.id=?
Hibernate: select c1_0.benefit_id,c1_0.id,c1_0.config_key,c1_0.config_value,c1_0.created_at,c1_0.updated_at from benefit_config c1_0 where c1_0.benefit_id=?
Hibernate: select s1_0.id,s1_0.auto_renew,s1_0.cancelled_at,s1_0.created_at,s1_0.expiry_date,s1_0.plan_id,s1_0.start_date,s1_0.status,s1_0.tier_id,s1_0.updated_at,s1_0.user_id from subscription s1_0 where s1_0.user_id=? and s1_0.status=? order by s1_0.created_at desc limit ?
Hibernate: select mt1_0.id,mt1_0.active,mt1_0.created_at,mt1_0.description,mt1_0.name,mt1_0.priority,mt1_0.updated_at from membership_tier mt1_0 where mt1_0.id=?
Hibernate: select mt1_0.id,mt1_0.active,mt1_0.created_at,mt1_0.description,mt1_0.name,mt1_0.priority,mt1_0.updated_at from membership_tier mt1_0 where mt1_0.id=?
Hibernate: update subscription set auto_renew=?,cancelled_at=?,expiry_date=?,plan_id=?,start_date=?,status=?,tier_id=?,updated_at=?,user_id=? where id=?
Hibernate: select s1_0.id,s1_0.auto_renew,s1_0.cancelled_at,s1_0.created_at,s1_0.expiry_date,s1_0.plan_id,s1_0.start_date,s1_0.status,s1_0.tier_id,s1_0.updated_at,s1_0.user_id from subscription s1_0 where s1_0.user_id=? and s1_0.status=? order by s1_0.created_at desc limit ?
Hibernate: select tbm1_0.id,tbm1_0.benefit_id,tbm1_0.created_at,tbm1_0.tier_id,tbm1_0.updated_at from tier_benefit_mapping tbm1_0 where tbm1_0.tier_id=?
Hibernate: select mb1_0.id,mb1_0.active,mb1_0.created_at,mb1_0.description,mb1_0.name,mb1_0.type,mb1_0.updated_at from membership_benefit mb1_0 where mb1_0.id=?
Hibernate: select c1_0.benefit_id,c1_0.id,c1_0.config_key,c1_0.config_value,c1_0.created_at,c1_0.updated_at from benefit_config c1_0 where c1_0.benefit_id=?
Hibernate: select mp1_0.id,mp1_0.active,mp1_0.created_at,mp1_0.duration_days,mp1_0.name,mp1_0.price,mp1_0.updated_at from membership_plan mp1_0 where mp1_0.id=?
]]></system-out>
  </testcase>
  <testcase name="subscribe_shouldCreateSubscription" classname="com.firstclub.membership.integration.SubscriptionLifecycleIT" time="0.013">
    <system-out><![CDATA[Hibernate: select mp1_0.id,mp1_0.active,mp1_0.created_at,mp1_0.duration_days,mp1_0.name,mp1_0.price,mp1_0.updated_at from membership_plan mp1_0 where mp1_0.id=?
Hibernate: select mt1_0.id,mt1_0.active,mt1_0.created_at,mt1_0.description,mt1_0.name,mt1_0.priority,mt1_0.updated_at from membership_tier mt1_0 where mt1_0.id=?
Hibernate: select s1_0.id,s1_0.auto_renew,s1_0.cancelled_at,s1_0.created_at,s1_0.expiry_date,s1_0.plan_id,s1_0.start_date,s1_0.status,s1_0.tier_id,s1_0.updated_at,s1_0.user_id from subscription s1_0 where s1_0.user_id=? and s1_0.status=? order by s1_0.created_at desc limit ?
Hibernate: insert into subscription (auto_renew,cancelled_at,created_at,expiry_date,plan_id,start_date,status,tier_id,updated_at,user_id) values (?,?,?,?,?,?,?,?,?,?)
Hibernate: select s1_0.id,s1_0.auto_renew,s1_0.cancelled_at,s1_0.created_at,s1_0.expiry_date,s1_0.plan_id,s1_0.start_date,s1_0.status,s1_0.tier_id,s1_0.updated_at,s1_0.user_id from subscription s1_0 where s1_0.user_id=? and s1_0.status=? order by s1_0.created_at desc limit ?
Hibernate: select tbm1_0.id,tbm1_0.benefit_id,tbm1_0.created_at,tbm1_0.tier_id,tbm1_0.updated_at from tier_benefit_mapping tbm1_0 where tbm1_0.tier_id=?
Hibernate: select mb1_0.id,mb1_0.active,mb1_0.created_at,mb1_0.description,mb1_0.name,mb1_0.type,mb1_0.updated_at from membership_benefit mb1_0 where mb1_0.id=?
Hibernate: select c1_0.benefit_id,c1_0.id,c1_0.config_key,c1_0.config_value,c1_0.created_at,c1_0.updated_at from benefit_config c1_0 where c1_0.benefit_id=?
]]></system-out>
  </testcase>
  <testcase name="cancelSubscription_shouldSetCancelled" classname="com.firstclub.membership.integration.SubscriptionLifecycleIT" time="0.026">
    <system-out><![CDATA[Hibernate: select mp1_0.id,mp1_0.active,mp1_0.created_at,mp1_0.duration_days,mp1_0.name,mp1_0.price,mp1_0.updated_at from membership_plan mp1_0 where mp1_0.id=?
Hibernate: select mt1_0.id,mt1_0.active,mt1_0.created_at,mt1_0.description,mt1_0.name,mt1_0.priority,mt1_0.updated_at from membership_tier mt1_0 where mt1_0.id=?
Hibernate: select s1_0.id,s1_0.auto_renew,s1_0.cancelled_at,s1_0.created_at,s1_0.expiry_date,s1_0.plan_id,s1_0.start_date,s1_0.status,s1_0.tier_id,s1_0.updated_at,s1_0.user_id from subscription s1_0 where s1_0.user_id=? and s1_0.status=? order by s1_0.created_at desc limit ?
Hibernate: insert into subscription (auto_renew,cancelled_at,created_at,expiry_date,plan_id,start_date,status,tier_id,updated_at,user_id) values (?,?,?,?,?,?,?,?,?,?)
Hibernate: select s1_0.id,s1_0.auto_renew,s1_0.cancelled_at,s1_0.created_at,s1_0.expiry_date,s1_0.plan_id,s1_0.start_date,s1_0.status,s1_0.tier_id,s1_0.updated_at,s1_0.user_id from subscription s1_0 where s1_0.user_id=? and s1_0.status=? order by s1_0.created_at desc limit ?
Hibernate: select tbm1_0.id,tbm1_0.benefit_id,tbm1_0.created_at,tbm1_0.tier_id,tbm1_0.updated_at from tier_benefit_mapping tbm1_0 where tbm1_0.tier_id=?
Hibernate: select mb1_0.id,mb1_0.active,mb1_0.created_at,mb1_0.description,mb1_0.name,mb1_0.type,mb1_0.updated_at from membership_benefit mb1_0 where mb1_0.id=?
Hibernate: select c1_0.benefit_id,c1_0.id,c1_0.config_key,c1_0.config_value,c1_0.created_at,c1_0.updated_at from benefit_config c1_0 where c1_0.benefit_id=?
Hibernate: select s1_0.id,s1_0.auto_renew,s1_0.cancelled_at,s1_0.created_at,s1_0.expiry_date,s1_0.plan_id,s1_0.start_date,s1_0.status,s1_0.tier_id,s1_0.updated_at,s1_0.user_id from subscription s1_0 where s1_0.user_id=? and s1_0.status=? order by s1_0.created_at desc limit ?
Hibernate: update subscription set auto_renew=?,cancelled_at=?,expiry_date=?,plan_id=?,start_date=?,status=?,tier_id=?,updated_at=?,user_id=? where id=?
Hibernate: select s1_0.id,s1_0.auto_renew,s1_0.cancelled_at,s1_0.created_at,s1_0.expiry_date,s1_0.plan_id,s1_0.start_date,s1_0.status,s1_0.tier_id,s1_0.updated_at,s1_0.user_id from subscription s1_0 where s1_0.user_id=? order by s1_0.created_at desc limit ?
Hibernate: select s1_0.id,s1_0.auto_renew,s1_0.cancelled_at,s1_0.created_at,s1_0.expiry_date,s1_0.plan_id,s1_0.start_date,s1_0.status,s1_0.tier_id,s1_0.updated_at,s1_0.user_id from subscription s1_0 where s1_0.user_id=? and s1_0.status=? order by s1_0.created_at desc limit ?
Hibernate: select mp1_0.id,mp1_0.active,mp1_0.created_at,mp1_0.duration_days,mp1_0.name,mp1_0.price,mp1_0.updated_at from membership_plan mp1_0 where mp1_0.id=?
Hibernate: select mt1_0.id,mt1_0.active,mt1_0.created_at,mt1_0.description,mt1_0.name,mt1_0.priority,mt1_0.updated_at from membership_tier mt1_0 where mt1_0.id=?
]]></system-out>
  </testcase>
  <testcase name="upgradeTier_shouldChangeTier" classname="com.firstclub.membership.integration.SubscriptionLifecycleIT" time="0.02">
    <system-out><![CDATA[Hibernate: select mp1_0.id,mp1_0.active,mp1_0.created_at,mp1_0.duration_days,mp1_0.name,mp1_0.price,mp1_0.updated_at from membership_plan mp1_0 where mp1_0.id=?
Hibernate: select mt1_0.id,mt1_0.active,mt1_0.created_at,mt1_0.description,mt1_0.name,mt1_0.priority,mt1_0.updated_at from membership_tier mt1_0 where mt1_0.id=?
Hibernate: select s1_0.id,s1_0.auto_renew,s1_0.cancelled_at,s1_0.created_at,s1_0.expiry_date,s1_0.plan_id,s1_0.start_date,s1_0.status,s1_0.tier_id,s1_0.updated_at,s1_0.user_id from subscription s1_0 where s1_0.user_id=? and s1_0.status=? order by s1_0.created_at desc limit ?
Hibernate: insert into subscription (auto_renew,cancelled_at,created_at,expiry_date,plan_id,start_date,status,tier_id,updated_at,user_id) values (?,?,?,?,?,?,?,?,?,?)
Hibernate: select s1_0.id,s1_0.auto_renew,s1_0.cancelled_at,s1_0.created_at,s1_0.expiry_date,s1_0.plan_id,s1_0.start_date,s1_0.status,s1_0.tier_id,s1_0.updated_at,s1_0.user_id from subscription s1_0 where s1_0.user_id=? and s1_0.status=? order by s1_0.created_at desc limit ?
Hibernate: select tbm1_0.id,tbm1_0.benefit_id,tbm1_0.created_at,tbm1_0.tier_id,tbm1_0.updated_at from tier_benefit_mapping tbm1_0 where tbm1_0.tier_id=?
Hibernate: select mb1_0.id,mb1_0.active,mb1_0.created_at,mb1_0.description,mb1_0.name,mb1_0.type,mb1_0.updated_at from membership_benefit mb1_0 where mb1_0.id=?
Hibernate: select c1_0.benefit_id,c1_0.id,c1_0.config_key,c1_0.config_value,c1_0.created_at,c1_0.updated_at from benefit_config c1_0 where c1_0.benefit_id=?
Hibernate: select s1_0.id,s1_0.auto_renew,s1_0.cancelled_at,s1_0.created_at,s1_0.expiry_date,s1_0.plan_id,s1_0.start_date,s1_0.status,s1_0.tier_id,s1_0.updated_at,s1_0.user_id from subscription s1_0 where s1_0.user_id=? and s1_0.status=? order by s1_0.created_at desc limit ?
Hibernate: select mt1_0.id,mt1_0.active,mt1_0.created_at,mt1_0.description,mt1_0.name,mt1_0.priority,mt1_0.updated_at from membership_tier mt1_0 where mt1_0.id=?
Hibernate: select mt1_0.id,mt1_0.active,mt1_0.created_at,mt1_0.description,mt1_0.name,mt1_0.priority,mt1_0.updated_at from membership_tier mt1_0 where mt1_0.id=?
Hibernate: update subscription set auto_renew=?,cancelled_at=?,expiry_date=?,plan_id=?,start_date=?,status=?,tier_id=?,updated_at=?,user_id=? where id=?
Hibernate: select s1_0.id,s1_0.auto_renew,s1_0.cancelled_at,s1_0.created_at,s1_0.expiry_date,s1_0.plan_id,s1_0.start_date,s1_0.status,s1_0.tier_id,s1_0.updated_at,s1_0.user_id from subscription s1_0 where s1_0.user_id=? and s1_0.status=? order by s1_0.created_at desc limit ?
Hibernate: select tbm1_0.id,tbm1_0.benefit_id,tbm1_0.created_at,tbm1_0.tier_id,tbm1_0.updated_at from tier_benefit_mapping tbm1_0 where tbm1_0.tier_id=?
Hibernate: select mb1_0.id,mb1_0.active,mb1_0.created_at,mb1_0.description,mb1_0.name,mb1_0.type,mb1_0.updated_at from membership_benefit mb1_0 where mb1_0.id=?
Hibernate: select c1_0.benefit_id,c1_0.id,c1_0.config_key,c1_0.config_value,c1_0.created_at,c1_0.updated_at from benefit_config c1_0 where c1_0.benefit_id=?
Hibernate: select mb1_0.id,mb1_0.active,mb1_0.created_at,mb1_0.description,mb1_0.name,mb1_0.type,mb1_0.updated_at from membership_benefit mb1_0 where mb1_0.id=?
Hibernate: select c1_0.benefit_id,c1_0.id,c1_0.config_key,c1_0.config_value,c1_0.created_at,c1_0.updated_at from benefit_config c1_0 where c1_0.benefit_id=?
Hibernate: select mp1_0.id,mp1_0.active,mp1_0.created_at,mp1_0.duration_days,mp1_0.name,mp1_0.price,mp1_0.updated_at from membership_plan mp1_0 where mp1_0.id=?
]]></system-out>
  </testcase>
  <testcase name="getSubscription_shouldReturnCurrentSubscription" classname="com.firstclub.membership.integration.SubscriptionLifecycleIT" time="0.015">
    <system-out><![CDATA[Hibernate: select mp1_0.id,mp1_0.active,mp1_0.created_at,mp1_0.duration_days,mp1_0.name,mp1_0.price,mp1_0.updated_at from membership_plan mp1_0 where mp1_0.id=?
Hibernate: select mt1_0.id,mt1_0.active,mt1_0.created_at,mt1_0.description,mt1_0.name,mt1_0.priority,mt1_0.updated_at from membership_tier mt1_0 where mt1_0.id=?
Hibernate: select s1_0.id,s1_0.auto_renew,s1_0.cancelled_at,s1_0.created_at,s1_0.expiry_date,s1_0.plan_id,s1_0.start_date,s1_0.status,s1_0.tier_id,s1_0.updated_at,s1_0.user_id from subscription s1_0 where s1_0.user_id=? and s1_0.status=? order by s1_0.created_at desc limit ?
Hibernate: insert into subscription (auto_renew,cancelled_at,created_at,expiry_date,plan_id,start_date,status,tier_id,updated_at,user_id) values (?,?,?,?,?,?,?,?,?,?)
Hibernate: select s1_0.id,s1_0.auto_renew,s1_0.cancelled_at,s1_0.created_at,s1_0.expiry_date,s1_0.plan_id,s1_0.start_date,s1_0.status,s1_0.tier_id,s1_0.updated_at,s1_0.user_id from subscription s1_0 where s1_0.user_id=? and s1_0.status=? order by s1_0.created_at desc limit ?
Hibernate: select tbm1_0.id,tbm1_0.benefit_id,tbm1_0.created_at,tbm1_0.tier_id,tbm1_0.updated_at from tier_benefit_mapping tbm1_0 where tbm1_0.tier_id=?
Hibernate: select mb1_0.id,mb1_0.active,mb1_0.created_at,mb1_0.description,mb1_0.name,mb1_0.type,mb1_0.updated_at from membership_benefit mb1_0 where mb1_0.id=?
Hibernate: select c1_0.benefit_id,c1_0.id,c1_0.config_key,c1_0.config_value,c1_0.created_at,c1_0.updated_at from benefit_config c1_0 where c1_0.benefit_id=?
Hibernate: select s1_0.id,s1_0.auto_renew,s1_0.cancelled_at,s1_0.created_at,s1_0.expiry_date,s1_0.plan_id,s1_0.start_date,s1_0.status,s1_0.tier_id,s1_0.updated_at,s1_0.user_id from subscription s1_0 where s1_0.user_id=? order by s1_0.created_at desc limit ?
Hibernate: select s1_0.id,s1_0.auto_renew,s1_0.cancelled_at,s1_0.created_at,s1_0.expiry_date,s1_0.plan_id,s1_0.start_date,s1_0.status,s1_0.tier_id,s1_0.updated_at,s1_0.user_id from subscription s1_0 where s1_0.user_id=? and s1_0.status=? order by s1_0.created_at desc limit ?
Hibernate: select tbm1_0.id,tbm1_0.benefit_id,tbm1_0.created_at,tbm1_0.tier_id,tbm1_0.updated_at from tier_benefit_mapping tbm1_0 where tbm1_0.tier_id=?
Hibernate: select mb1_0.id,mb1_0.active,mb1_0.created_at,mb1_0.description,mb1_0.name,mb1_0.type,mb1_0.updated_at from membership_benefit mb1_0 where mb1_0.id=?
Hibernate: select c1_0.benefit_id,c1_0.id,c1_0.config_key,c1_0.config_value,c1_0.created_at,c1_0.updated_at from benefit_config c1_0 where c1_0.benefit_id=?
Hibernate: select mp1_0.id,mp1_0.active,mp1_0.created_at,mp1_0.duration_days,mp1_0.name,mp1_0.price,mp1_0.updated_at from membership_plan mp1_0 where mp1_0.id=?
Hibernate: select mt1_0.id,mt1_0.active,mt1_0.created_at,mt1_0.description,mt1_0.name,mt1_0.priority,mt1_0.updated_at from membership_tier mt1_0 where mt1_0.id=?
]]></system-out>
  </testcase>
</testsuite>